# JRE version: OpenJDK Runtime Environment Temurin-22.0.2+9 (22.0.2+9) (build 22.0.2+9)
# Java VM: OpenJDK 64-Bit Server VM Temurin-22.0.2+9 (22.0.2+9, mixed mode, tiered, compressed oops, compressed class ptrs, g1 gc, windows-amd64)
GC Precious Log:
 CardTable entry size: 512
 Card Set container configuration: InlinePtr #cards 4 size 8 Array Of Cards #cards 32 size 80 Howl #buckets 8 coarsen threshold 7372 Howl Bitmap #cards 1024 size 144 coarsen threshold 921 Card regions per heap region 1 cards per card region 8192
 CPUs: 16 total, 16 available
 Memory: 28565M
 Large Page Support: Disabled
 NUMA Support: Disabled
 Compressed Oops: Enabled (Zero based)
 Heap Region Size: 4M
 Heap Min Capacity: 8M
 Heap Initial Capacity: 448M
 Heap Max Capacity: 7144M
 Pre-touch: Disabled
 Parallel Workers: 13
 Concurrent Workers: 3
 Concurrent Refinement Workers: 13
 Periodic GC: Disabled
Heap:
 garbage-first heap   total reserved 7315456K, committed 122880K, used 47560K [0x0000000641800000, 0x0000000800000000)
  region size 4096K, 5 young (20480K), 2 survivors (8192K)
 Metaspace       used 98979K, committed 99968K, reserved 1179648K
  class space    used 12128K, committed 12608K, reserved 1048576K
GC Heap History (20 events):
Event: 1150.939 GC heap before
{Heap before GC invocations=48 (full 10):
 garbage-first heap   total reserved 7315456K, committed 110592K, used 77847K [0x0000000641800000, 0x0000000800000000)
  region size 4096K, 14 young (57344K), 2 survivors (8192K)
 Metaspace       used 95910K, committed 96896K, reserved 1179648K
  class space    used 11918K, committed 12352K, reserved 1048576K
}
Event: 1151.000 GC heap after
{Heap after GC invocations=49 (full 11):
 garbage-first heap   total reserved 7315456K, committed 110592K, used 32822K [0x0000000641800000, 0x0000000800000000)
  region size 4096K, 0 young (0K), 0 survivors (0K)
 Metaspace       used 95908K, committed 96896K, reserved 1179648K
  class space    used 11918K, committed 12352K, reserved 1048576K
}
Event: 1151.628 GC heap before
{Heap before GC invocations=49 (full 11):
 garbage-first heap   total reserved 7315456K, committed 110592K, used 90166K [0x0000000641800000, 0x0000000800000000)
  region size 4096K, 15 young (61440K), 0 survivors (0K)
 Metaspace       used 96318K, committed 97280K, reserved 1179648K
  class space    used 11945K, committed 12352K, reserved 1048576K
}
Event: 1151.630 GC heap after
{Heap after GC invocations=50 (full 11):
 garbage-first heap   total reserved 7315456K, committed 286720K, used 37252K [0x0000000641800000, 0x0000000800000000)
  region size 4096K, 2 young (8192K), 2 survivors (8192K)
 Metaspace       used 96318K, committed 97280K, reserved 1179648K
  class space    used 11945K, committed 12352K, reserved 1048576K
}
Event: 1162.549 GC heap before
{Heap before GC invocations=50 (full 11):
 garbage-first heap   total reserved 7315456K, committed 286720K, used 86404K [0x0000000641800000, 0x0000000800000000)
  region size 4096K, 15 young (61440K), 2 survivors (8192K)
 Metaspace       used 96663K, committed 97664K, reserved 1179648K
  class space    used 11963K, committed 12416K, reserved 1048576K
}
Event: 1162.588 GC heap after
{Heap after GC invocations=51 (full 12):
 garbage-first heap   total reserved 7315456K, committed 163840K, used 33195K [0x0000000641800000, 0x0000000800000000)
  region size 4096K, 0 young (0K), 0 survivors (0K)
 Metaspace       used 96661K, committed 97664K, reserved 1179648K
  class space    used 11962K, committed 12416K, reserved 1048576K
}
Event: 1163.304 GC heap before
{Heap before GC invocations=51 (full 12):
 garbage-first heap   total reserved 7315456K, committed 163840K, used 127403K [0x0000000641800000, 0x0000000800000000)
  region size 4096K, 23 young (94208K), 0 survivors (0K)
 Metaspace       used 97198K, committed 98176K, reserved 1179648K
  class space    used 12004K, committed 12480K, reserved 1048576K
}
Event: 1163.307 GC heap after
{Heap after GC invocations=52 (full 12):
 garbage-first heap   total reserved 7315456K, committed 163840K, used 39226K [0x0000000641800000, 0x0000000800000000)
  region size 4096K, 2 young (8192K), 2 survivors (8192K)
 Metaspace       used 97198K, committed 98176K, reserved 1179648K
  class space    used 12004K, committed 12480K, reserved 1048576K
}
Event: 1179.230 GC heap before
{Heap before GC invocations=52 (full 12):
 garbage-first heap   total reserved 7315456K, committed 163840K, used 55610K [0x0000000641800000, 0x0000000800000000)
  region size 4096K, 7 young (28672K), 2 survivors (8192K)
 Metaspace       used 97229K, committed 98240K, reserved 1179648K
  class space    used 12004K, committed 12480K, reserved 1048576K
}
Event: 1179.273 GC heap after
{Heap after GC invocations=53 (full 13):
 garbage-first heap   total reserved 7315456K, committed 139264K, used 33614K [0x0000000641800000, 0x0000000800000000)
  region size 4096K, 0 young (0K), 0 survivors (0K)
 Metaspace       used 97227K, committed 98240K, reserved 1179648K
  class space    used 12004K, committed 12480K, reserved 1048576K
}
Event: 1179.945 GC heap before
{Heap before GC invocations=53 (full 13):
 garbage-first heap   total reserved 7315456K, committed 139264K, used 115534K [0x0000000641800000, 0x0000000800000000)
  region size 4096K, 20 young (81920K), 0 survivors (0K)
 Metaspace       used 97762K, committed 98752K, reserved 1179648K
  class space    used 12044K, committed 12480K, reserved 1048576K
}
Event: 1179.948 GC heap after
{Heap after GC invocations=54 (full 13):
 garbage-first heap   total reserved 7315456K, committed 139264K, used 39169K [0x0000000641800000, 0x0000000800000000)
  region size 4096K, 2 young (8192K), 2 survivors (8192K)
 Metaspace       used 97762K, committed 98752K, reserved 1179648K
  class space    used 12044K, committed 12480K, reserved 1048576K
}
Event: 1198.974 GC heap before
{Heap before GC invocations=54 (full 13):
 garbage-first heap   total reserved 7315456K, committed 139264K, used 67841K [0x0000000641800000, 0x0000000800000000)
  region size 4096K, 10 young (40960K), 2 survivors (8192K)
 Metaspace       used 97795K, committed 98816K, reserved 1179648K
  class space    used 12046K, committed 12480K, reserved 1048576K
}
Event: 1199.035 GC heap after
{Heap after GC invocations=55 (full 14):
 garbage-first heap   total reserved 7315456K, committed 122880K, used 33966K [0x0000000641800000, 0x0000000800000000)
  region size 4096K, 0 young (0K), 0 survivors (0K)
 Metaspace       used 97792K, committed 98816K, reserved 1179648K
  class space    used 12046K, committed 12480K, reserved 1048576K
}
Event: 1199.616 GC heap before
{Heap before GC invocations=55 (full 14):
 garbage-first heap   total reserved 7315456K, committed 122880K, used 103598K [0x0000000641800000, 0x0000000800000000)
  region size 4096K, 17 young (69632K), 0 survivors (0K)
 Metaspace       used 98262K, committed 99264K, reserved 1179648K
  class space    used 12079K, committed 12544K, reserved 1048576K
}
Event: 1199.619 GC heap after
{Heap after GC invocations=56 (full 14):
 garbage-first heap   total reserved 7315456K, committed 122880K, used 38916K [0x0000000641800000, 0x0000000800000000)
  region size 4096K, 2 young (8192K), 2 survivors (8192K)
 Metaspace       used 98262K, committed 99264K, reserved 1179648K
  class space    used 12079K, committed 12544K, reserved 1048576K
}
Event: 1213.554 GC heap before
{Heap before GC invocations=56 (full 14):
 garbage-first heap   total reserved 7315456K, committed 122880K, used 75780K [0x0000000641800000, 0x0000000800000000)
  region size 4096K, 12 young (49152K), 2 survivors (8192K)
 Metaspace       used 98482K, committed 99520K, reserved 1179648K
  class space    used 12089K, committed 12544K, reserved 1048576K
}
Event: 1213.616 GC heap after
{Heap after GC invocations=57 (full 15):
 garbage-first heap   total reserved 7315456K, committed 122880K, used 34338K [0x0000000641800000, 0x0000000800000000)
  region size 4096K, 0 young (0K), 0 survivors (0K)
 Metaspace       used 98479K, committed 99520K, reserved 1179648K
  class space    used 12088K, committed 12544K, reserved 1048576K
}
Event: 1214.192 GC heap before
{Heap before GC invocations=57 (full 15):
 garbage-first heap   total reserved 7315456K, committed 122880K, used 103970K [0x0000000641800000, 0x0000000800000000)
  region size 4096K, 17 young (69632K), 0 survivors (0K)
 Metaspace       used 98831K, committed 99776K, reserved 1179648K
  class space    used 12120K, committed 12544K, reserved 1048576K
}
Event: 1214.195 GC heap after
{Heap after GC invocations=58 (full 15):
 garbage-first heap   total reserved 7315456K, committed 122880K, used 39368K [0x0000000641800000, 0x0000000800000000)
  region size 4096K, 2 young (8192K), 2 survivors (8192K)
 Metaspace       used 98831K, committed 99776K, reserved 1179648K
  class space    used 12120K, committed 12544K, reserved 1048576K
}

